2025-12-27 13:40:50 | T: 18.69 | P: 998
2025-12-27 13:40:51 | X: 13 | Y: 14 | Z: 13
2025-12-27 13:40:50 | T: 18.58 | P: 994
2025-12-27 13:40:51 | X: 9 | Y: 10 | Z: 9
2025-12-27 13:40:51 | T: 18.48 | P: 996
2025-12-27 13:40:52 | X: 6 | Y: 6 | Z: 6
2025-12-27 13:40:51 | T: 18.37 | P: 1005
2025-12-27 13:40:52 | X: 3 | Y: 3 | Z: 3
2025-12-27 13:40:52 | T: 18.27 | P: 1012
2025-12-27 13:40:53 | X: 1 | Y: 3 | Z: 1
2025-12-27 13:40:53 | T: 18.15 | P: 1008
2025-12-27 13:40:53 | X: 4 | Y: 2 | Z: 3
2025-12-27 13:40:54 | T: 18.04 | P: 1001
2025-12-27 13:40:54 | X: 0 | Y: 2 | Z: 0
2025-12-27 13:40:54 | T: 17.93 | P: 997
2025-12-27 13:40:54 | X: 0 | Y: 0 | Z: -1
2025-12-27 13:40:55 | T: 17.82 | P: 987
2025-12-27 13:40:55 | X: 2 | Y: -2 | Z: 1
2025-12-27 13:40:55 | T: 17.74 | P: 985
2025-12-27 13:40:55 | X: -1 | Y: -1 | Z: -1
2025-12-27 13:40:56 | X: 2 | Y: 2 | Z: 2
2025-12-27 13:40:58 | T: 46.48 | P: 1092
2025-12-27 13:40:56 | X: 2 | Y: 3 | Z: 2
2025-12-27 13:40:59 | T: 46.62 | P: 1085
2025-12-27 13:40:57 | X: -3 | Y: -1 | Z: -3
2025-12-27 13:40:59 | T: 46.78 | P: 1083
2025-12-27 13:40:57 | X: 1 | Y: -1 | Z: 1
2025-12-27 13:41:00 | T: 46.97 | P: 1085
2025-12-27 13:40:58 | X: 1 | Y: 2 | Z: 1
2025-12-27 13:41:00 | T: 47.19 | P: 1089
2025-12-27 13:40:58 | X: 3 | Y: 4 | Z: 3
2025-12-27 13:41:01 | T: 47.42 | P: 1088
2025-12-27 13:40:59 | X: 2 | Y: 1 | Z: 2
2025-12-27 13:41:01 | T: 47.62 | P: 1082
2025-12-27 13:40:59 | X: -3 | Y: 0 | Z: -3
2025-12-27 13:41:02 | T: 47.73 | P: 1079
2025-12-27 13:41:00 | X: 0 | Y: 0 | Z: 0
2025-12-27 13:41:02 | T: 47.76 | P: 1078
2025-12-27 13:41:03 | T: 47.72 | P: 1080
2025-12-27 13:41:04 | X: 11 | Y: 14 | Z: 11
2025-12-27 13:41:03 | T: 47.62 | P: 1081
2025-12-27 13:41:04 | X: 16 | Y: 16 | Z: 17
2025-12-27 13:41:04 | T: 47.45 | P: 1081
2025-12-27 13:41:05 | X: 19 | Y: 22 | Z: 19
2025-12-27 13:41:04 | T: 47.23 | P: 1082
2025-12-27 13:41:05 | X: 26 | Y: 25 | Z: 26
2025-12-27 13:41:05 | T: 46.95 | P: 1084
2025-12-27 13:41:06 | X: 21 | Y: 22 | Z: 21
2025-12-27 13:41:05 | T: 46.62 | P: 1084
2025-12-27 13:41:06 | X: 18 | Y: 19 | Z: 18
2025-12-27 13:41:06 | T: 46.23 | P: 1083
2025-12-27 13:41:07 | X: 16 | Y: 17 | Z: 17
2025-12-27 13:41:06 | T: 45.80 | P: 1082
2025-12-27 13:41:07 | X: 11 | Y: 12 | Z: 11
2025-12-27 13:41:07 | T: 45.32 | P: 1084
2025-12-27 13:41:08 | X: 10 | Y: 11 | Z: 11
2025-12-27 13:41:07 | T: 44.81 | P: 1087
2025-12-27 13:41:08 | X: 11 | Y: 13 | Z: 12
2025-12-27 13:41:08 | T: 44.26 | P: 1086
2025-12-27 13:41:09 | X: 13 | Y: 14 | Z: 13
2025-12-27 13:41:09 | T: 43.69 | P: 1082
2025-12-27 13:41:09 | X: 9 | Y: 11 | Z: 9
2025-12-27 13:41:10 | T: 43.11 | P: 1086
2025-12-27 13:41:10 | X: 7 | Y: 6 | Z: 7
2025-12-27 13:41:10 | T: 42.51 | P: 1095
2025-12-27 13:41:10 | X: 3 | Y: 4 | Z: 3
2025-12-27 13:41:11 | T: 41.92 | P: 1098
2025-12-27 13:41:11 | X: 0 | Y: 3 | Z: 1
2025-12-27 13:41:11 | X: 3 | Y: 2 | Z: 3
2025-12-27 13:41:12 | T: 45.78 | P: 1095
2025-12-27 13:41:12 | X: 0 | Y: 2 | Z: 0
2025-12-27 13:41:13 | T: 46.06 | P: 1096
2025-12-27 13:41:12 | X: -1 | Y: 0 | Z: 0
2025-12-27 13:41:13 | T: 46.27 | P: 1097
2025-12-27 13:41:13 | X: 1 | Y: -2 | Z: 1
2025-12-27 13:41:14 | T: 46.43 | P: 1094
2025-12-27 13:41:13 | X: -2 | Y: -1 | Z: -2
2025-12-27 13:41:14 | T: 46.57 | P: 1088
2025-12-27 13:41:14 | X: 2 | Y: 2 | Z: 2
2025-12-27 13:41:15 | T: 46.73 | P: 1083
2025-12-27 13:41:14 | X: 3 | Y: 3 | Z: 3
2025-12-27 13:41:15 | T: 46.91 | P: 1084
2025-12-27 13:41:15 | X: -3 | Y: 0 | Z: -3
2025-12-27 13:41:16 | T: 47.12 | P: 1088
2025-12-27 13:41:15 | X: 1 | Y: -1 | Z: 1
2025-12-27 13:41:16 | T: 47.35 | P: 1089
2025-12-27 13:41:17 | T: 47.56 | P: 1085
2025-12-27 13:41:17 | X: 39 | Y: 42 | Z: 39
2025-12-27 13:41:17 | T: 47.70 | P: 1080
2025-12-27 13:41:18 | X: 35 | Y: 38 | Z: 35
2025-12-27 13:41:18 | T: 47.76 | P: 1078
2025-12-27 13:41:18 | X: 35 | Y: 37 | Z: 36
2025-12-27 13:41:18 | T: 47.74 | P: 1079
2025-12-27 13:41:19 | X: 38 | Y: 41 | Z: 38
2025-12-27 13:41:19 | T: 47.66 | P: 1081
2025-12-27 13:41:19 | X: 43 | Y: 45 | Z: 43
2025-12-27 13:41:20 | T: 47.51 | P: 1081
2025-12-27 13:41:20 | X: 39 | Y: 43 | Z: 40
2025-12-27 13:41:20 | T: 47.31 | P: 1082
2025-12-27 13:41:21 | X: 37 | Y: 38 | Z: 38
2025-12-27 13:41:21 | X: 34 | Y: 36 | Z: 34
2025-12-27 13:41:23 | T: 38.25 | P: 1078
2025-12-27 13:41:22 | X: 33 | Y: 35 | Z: 33
2025-12-27 13:41:24 | T: 37.80 | P: 1072
2025-12-27 13:41:22 | X: 31 | Y: 33 | Z: 31
2025-12-27 13:41:24 | T: 37.32 | P: 1079
2025-12-27 13:41:23 | X: 27 | Y: 28 | Z: 27
2025-12-27 13:41:25 | T: 36.84 | P: 1088
2025-12-27 13:41:23 | X: 22 | Y: 24 | Z: 22
2025-12-27 13:41:25 | T: 36.36 | P: 1089
2025-12-27 13:41:24 | X: 19 | Y: 19 | Z: 19
2025-12-27 13:41:26 | T: 35.88 | P: 1079
2025-12-27 13:41:24 | X: 15 | Y: 16 | Z: 15
2025-12-27 13:41:26 | T: 35.40 | P: 1073
2025-12-27 13:41:25 | X: 18 | Y: 17 | Z: 18
2025-12-27 13:41:27 | T: 34.95 | P: 1071
2025-12-27 13:41:26 | X: 18 | Y: 19 | Z: 18
2025-12-27 13:41:27 | T: 34.50 | P: 1068
2025-12-27 13:41:26 | X: 14 | Y: 16 | Z: 15
2025-12-27 13:41:28 | T: 34.06 | P: 1059
2025-12-27 13:41:27 | X: 14 | Y: 14 | Z: 14
2025-12-27 13:41:28 | T: 33.63 | P: 1051
2025-12-27 13:41:29 | T: 33.21 | P: 1040
2025-12-27 13:41:30 | X: -3 | Y: 0 | Z: -2
2025-12-27 13:41:30 | T: 32.79 | P: 1032
2025-12-27 13:41:30 | X: 1 | Y: -1 | Z: 1
2025-12-27 13:41:30 | T: 32.37 | P: 1033
2025-12-27 13:41:31 | X: 1 | Y: 1 | Z: 1
2025-12-27 13:41:32 | T: 31.94 | P: 1038
2025-12-27 13:41:31 | X: 4 | Y: 4 | Z: 4
2025-12-27 13:41:32 | T: 31.49 | P: 1034
2025-12-27 13:41:32 | X: 4 | Y: 2 | Z: 4
2025-12-27 13:41:33 | T: 31.03 | P: 1028
2025-12-27 13:41:32 | X: -3 | Y: 0 | Z: -3
2025-12-27 13:41:33 | X: 2 | Y: 0 | Z: 2
2025-12-27 13:41:34 | T: 43.71 | P: 1084
2025-12-27 13:41:33 | X: 0 | Y: -2 | Z: 0
2025-12-27 13:41:35 | T: 44.52 | P: 1089
2025-12-27 13:41:34 | X: -3 | Y: -3 | Z: -3
2025-12-27 13:41:35 | T: 45.15 | P: 1093
2025-12-27 13:41:34 | X: -1 | Y: 0 | Z: -2
2025-12-27 13:41:36 | T: 45.61 | P: 1094
2025-12-27 13:41:35 | X: 6 | Y: 4 | Z: 6
2025-12-27 13:41:36 | T: 45.95 | P: 1096
2025-12-27 13:41:35 | X: 5 | Y: 6 | Z: 5
2025-12-27 13:41:37 | T: 46.19 | P: 1097
2025-12-27 13:41:36 | X: 1 | Y: 2 | Z: 1
2025-12-27 13:41:37 | T: 46.36 | P: 1095
2025-12-27 13:41:36 | X: 0 | Y: 0 | Z: 0
2025-12-27 13:41:38 | T: 46.51 | P: 1091
2025-12-27 13:41:37 | X: -5 | Y: -4 | Z: -5
2025-12-27 13:41:38 | T: 46.66 | P: 1084
2025-12-27 13:41:37 | X: -9 | Y: -8 | Z: -9
2025-12-27 13:41:39 | T: 46.82 | P: 1083
2025-12-27 13:41:38 | X: -3 | Y: -6 | Z: -3
2025-12-27 13:41:39 | T: 47.02 | P: 1086
2025-12-27 13:41:38 | X: 0 | Y: -1 | Z: -1
2025-12-27 13:41:40 | T: 47.25 | P: 1089
2025-12-27 13:41:39 | X: 3 | Y: 3 | Z: 3
2025-12-27 13:41:40 | T: 47.47 | P: 1087
2025-12-27 13:41:39 | X: 2 | Y: 1 | Z: 2
2025-12-27 13:41:41 | T: 47.65 | P: 1081
2025-12-27 13:41:40 | X: -1 | Y: -2 | Z: -2
2025-12-27 13:41:41 | T: 47.74 | P: 1079
2025-12-27 13:41:42 | T: 47.76 | P: 1079
2025-12-27 13:41:42 | X: 45 | Y: 47 | Z: 45
2025-12-27 13:41:42 | T: 47.70 | P: 1080
2025-12-27 13:41:43 | X: 43 | Y: 45 | Z: 43
2025-12-27 13:41:43 | T: 47.59 | P: 1081
2025-12-27 13:41:43 | X: 44 | Y: 46 | Z: 44
2025-12-27 13:41:43 | T: 47.41 | P: 1081
2025-12-27 13:41:44 | X: 45 | Y: 47 | Z: 44
2025-12-27 13:41:44 | X: 43 | Y: 46 | Z: 43
2025-12-27 13:41:45 | T: 41.27 | P: 1092
2025-12-27 13:41:45 | X: 43 | Y: 44 | Z: 43
2025-12-27 13:41:46 | T: 40.71 | P: 1090
2025-12-27 13:41:46 | X: 39 | Y: 42 | Z: 39
2025-12-27 13:41:46 | T: 40.19 | P: 1093
2025-12-27 13:41:46 | X: 35 | Y: 37 | Z: 36
2025-12-27 13:41:47 | T: 39.69 | P: 1094
2025-12-27 13:41:47 | X: 36 | Y: 37 | Z: 36
2025-12-27 13:41:47 | T: 39.22 | P: 1090
2025-12-27 13:41:47 | X: 39 | Y: 42 | Z: 40
2025-12-27 13:41:48 | T: 38.78 | P: 1087
2025-12-27 13:41:48 | X: 43 | Y: 45 | Z: 44
2025-12-27 13:41:48 | T: 38.34 | P: 1080
2025-12-27 13:41:48 | X: 38 | Y: 43 | Z: 38
2025-12-27 13:41:49 | T: 37.90 | P: 1072
2025-12-27 13:41:49 | X: 36 | Y: 37 | Z: 36
2025-12-27 13:41:49 | T: 37.43 | P: 1077
2025-12-27 13:41:49 | X: 34 | Y: 36 | Z: 35
2025-12-27 13:41:50 | T: 36.95 | P: 1087
2025-12-27 13:41:50 | X: 33 | Y: 35 | Z: 34
